[     100ms] [INFO] %cDownload the React DevTools for a better development experience: https://react.dev/link/react-devtools font-weight:bold @ http://127.0.0.1:5173/node_modules/.vite/deps/react-dom_client.js?v=754bd2a9:14337
[     148ms] [WARNING] <meta name="apple-mobile-web-app-capable" content="yes"> is deprecated. Please include <meta name="mobile-web-app-capable" content="yes"> @ http://127.0.0.1:5173/admin:0
[    1319ms] [ERROR] In HTML, %s cannot be a descendant of <%s>.
This will cause a hydration error.%s <button> button 

  ...
    <Routes>
      <RenderedRoute match={{params:{}, ...}} routeContext={{outlet:null, ...}}>
        <RequireAuth>
          <RequireRole role="admin">
            <AdminDashboardPage>
              <main className="relative m...">
                <BackgroundLightning>
                <section className="relative m...">
                  <header>
                  <div className="grid gap-4...">
                    <button>
                    <div className="w-full p-6...">
                      <div>
                      <ClientsList refreshToken={0}>
                        <section className="mt-5 borde..." aria-labelledby="lista-clie...">
                          <h2>
                          <form>
                          <ul className="m-0 p-0 li...">
                            <ClientCardItem clientId={4} nome="Cliente Sc..." sexo="masculino" ...>
>                             <button
>                               type="button"
>                               className="clients-item flex flex-col gap-3 rounded-2xl p-4 mb-2.5 bg-[rgba(9,16,12,0...."
>                               onClick={function onClick}
>                             >
                                <div>
                                <div>
                                <div className="flex justi...">
                                  <Button type="button" variant="destructive" className="h-10" onClick={function onClick} ...>
                                    <Button data-slot="button" disabled={false} className={"group/bu..."} type="button" ...>
>                                     <button
>                                       type="button"
>                                       onClick={function}
>                                       onMouseDown={function}
>                                       onKeyDown={function}
>                                       onKeyUp={function}
>                                       onPointerDown={function}
>                                       tabIndex={0}
>                                       disabled={false}
>                                       data-slot="button"
>                                       ref={function}
>                                       className={"group/button inline-flex shrink-0 items-center justify-center rou..."}
>                                     >
                            ...
                          ...
 @ http://127.0.0.1:5173/node_modules/.vite/deps/react-dom_client.js?v=754bd2a9:1772
[    1319ms] [ERROR] <%s> cannot contain a nested %s.
See this log for the ancestor stack trace. button <button> @ http://127.0.0.1:5173/node_modules/.vite/deps/react-dom_client.js?v=754bd2a9:1774
[    1813ms] [ERROR] Failed to load resource: the server responded with a status of 406 () @ https://xdzdaaefayxqocpuwpnb.supabase.co/rest/v1/avaliacoes?select=*&cliente_id=eq.2&order=data_avaliacao.desc&limit=1:0
[   17180ms] [LOG] [vite] server connection lost. Polling for restart... @ http://127.0.0.1:5173/@vite/client:968
