[   40918ms] [INFO] %cDownload the React DevTools for a better development experience: https://react.dev/link/react-devtools font-weight:bold @ http://127.0.0.1:5173/node_modules/.vite/deps/react-dom_client.js?v=754bd2a9:14337
[   41205ms] [WARNING] <meta name="apple-mobile-web-app-capable" content="yes"> is deprecated. Please include <meta name="mobile-web-app-capable" content="yes"> @ http://127.0.0.1:5173/login:0
[   67869ms] [ERROR] In HTML, %s cannot be a descendant of <%s>.
This will cause a hydration error.%s <button> button 

  ...
    <Routes>
      <RenderedRoute match={{params:{}, ...}} routeContext={{outlet:null, ...}}>
        <RequireAuth>
          <RequireRole role="admin">
            <AdminDashboardPage>
              <main className="relative m...">
                <BackgroundLightning>
                <section className="relative m...">
                  <header>
                  <div className="grid gap-4...">
                    <button>
                    <div className="w-full p-6...">
                      <div>
                      <ClientsList refreshToken={0}>
                        <section className="mt-5 borde..." aria-labelledby="lista-clie...">
                          <h2>
                          <form>
                          <ul className="m-0 p-0 li...">
                            <ClientCardItem clientId={2} nome="Helder Santos" sexo="masculino" ...>
>                             <button
>                               type="button"
>                               className="clients-item flex flex-col gap-3 rounded-2xl p-4 mb-2.5 bg-[rgba(9,16,12,0...."
>                               onClick={function onClick}
>                             >
                                <div>
                                <div>
                                <div className="flex justi...">
                                  <Button type="button" variant="destructive" className="h-10" onClick={function onClick} ...>
                                    <Button data-slot="button" disabled={false} className={"group/bu..."} type="button" ...>
>                                     <button
>                                       type="button"
>                                       onClick={function}
>                                       onMouseDown={function}
>                                       onKeyDown={function}
>                                       onKeyUp={function}
>                                       onPointerDown={function}
>                                       tabIndex={0}
>                                       disabled={false}
>                                       data-slot="button"
>                                       ref={function}
>                                       className={"group/button inline-flex shrink-0 items-center justify-center rou..."}
>                                     >
                          ...
 @ http://127.0.0.1:5173/node_modules/.vite/deps/react-dom_client.js?v=754bd2a9:1772
[   67869ms] [ERROR] <%s> cannot contain a nested %s.
See this log for the ancestor stack trace. button <button> @ http://127.0.0.1:5173/node_modules/.vite/deps/react-dom_client.js?v=754bd2a9:1774
[   68211ms] [ERROR] Failed to load resource: the server responded with a status of 406 () @ https://xdzdaaefayxqocpuwpnb.supabase.co/rest/v1/avaliacoes?select=*&cliente_id=eq.2&order=data_avaliacao.desc&limit=1:0
[   93277ms] [ERROR] Failed to load resource: the server responded with a status of 406 () @ https://xdzdaaefayxqocpuwpnb.supabase.co/rest/v1/avaliacoes?select=*&cliente_id=eq.2&order=data_avaliacao.desc&limit=1:0
[   93767ms] [ERROR] Failed to load resource: the server responded with a status of 406 () @ https://xdzdaaefayxqocpuwpnb.supabase.co/rest/v1/avaliacoes?select=*&cliente_id=eq.4&order=data_avaliacao.desc&limit=1:0
[  100757ms] [ERROR] Failed to load resource: the server responded with a status of 406 () @ https://xdzdaaefayxqocpuwpnb.supabase.co/rest/v1/avaliacoes?select=*&cliente_id=eq.4&order=data_avaliacao.desc&limit=1:0
[  101014ms] [ERROR] Failed to load resource: the server responded with a status of 406 () @ https://xdzdaaefayxqocpuwpnb.supabase.co/rest/v1/avaliacoes?select=*&cliente_id=eq.4&order=data_avaliacao.desc&limit=1:0
[  118248ms] [ERROR] Failed to load resource: the server responded with a status of 403 () @ https://xdzdaaefayxqocpuwpnb.supabase.co/rest/v1/avaliacoes?columns=%22tenant_id%22%2C%22cliente_id%22%2C%22criado_por%22%2C%22peitoral%22%2C%22abdominal%22%2C%22coxa%22%2C%22axilar_media%22%2C%22subescapular%22%2C%22suprailiaca%22%2C%22triceps%22%2C%22altura%22%2C%22peso%22%2C%22sexo%22%2C%22percentual_gordura%22%2C%22massa_magra_kg%22%2C%22massa_gordura_kg%22%2C%22data_avaliacao%22%2C%22ombro%22%2C%22torax%22%2C%22cintura%22%2C%22abdomen%22%2C%22quadril%22%2C%22coxa_direita%22%2C%22coxa_esquerda%22%2C%22panturrilha_direita%22%2C%22panturrilha_esquerda%22%2C%22braco_direito%22%2C%22braco_esquerdo%22%2C%22antebraco_direito%22%2C%22antebraco_esquerdo%22%2C%22punho_direito%22%2C%22punho_esquerdo%22&select=*:0
[  192842ms] [INFO] %cDownload the React DevTools for a better development experience: https://react.dev/link/react-devtools font-weight:bold @ http://127.0.0.1:5173/node_modules/.vite/deps/react-dom_client.js?v=754bd2a9:14337
[  192908ms] [WARNING] <meta name="apple-mobile-web-app-capable" content="yes"> is deprecated. Please include <meta name="mobile-web-app-capable" content="yes"> @ http://127.0.0.1:5173/login:0
[  193722ms] [ERROR] In HTML, %s cannot be a descendant of <%s>.
This will cause a hydration error.%s <button> button 

  ...
    <Routes>
      <RenderedRoute match={{params:{}, ...}} routeContext={{outlet:null, ...}}>
        <RequireAuth>
          <RequireRole role="admin">
            <AdminDashboardPage>
              <main className="relative m...">
                <BackgroundLightning>
                <section className="relative m...">
                  <header>
                  <div className="grid gap-4...">
                    <button>
                    <div className="w-full p-6...">
                      <div>
                      <ClientsList refreshToken={0}>
                        <section className="mt-5 borde..." aria-labelledby="lista-clie...">
                          <h2>
                          <form>
                          <ul className="m-0 p-0 li...">
                            <ClientCardItem clientId={4} nome="Cliente Sc..." sexo="masculino" ...>
>                             <button
>                               type="button"
>                               className="clients-item flex flex-col gap-3 rounded-2xl p-4 mb-2.5 bg-[rgba(9,16,12,0...."
>                               onClick={function onClick}
>                             >
                                <div>
                                <div>
                                <div className="flex justi...">
                                  <Button type="button" variant="destructive" className="h-10" onClick={function onClick} ...>
                                    <Button data-slot="button" disabled={false} className={"group/bu..."} type="button" ...>
>                                     <button
>                                       type="button"
>                                       onClick={function}
>                                       onMouseDown={function}
>                                       onKeyDown={function}
>                                       onKeyUp={function}
>                                       onPointerDown={function}
>                                       tabIndex={0}
>                                       disabled={false}
>                                       data-slot="button"
>                                       ref={function}
>                                       className={"group/button inline-flex shrink-0 items-center justify-center rou..."}
>                                     >
                            ...
                          ...
 @ http://127.0.0.1:5173/node_modules/.vite/deps/react-dom_client.js?v=754bd2a9:1772
[  193722ms] [ERROR] <%s> cannot contain a nested %s.
See this log for the ancestor stack trace. button <button> @ http://127.0.0.1:5173/node_modules/.vite/deps/react-dom_client.js?v=754bd2a9:1774
[  193928ms] [ERROR] Failed to load resource: the server responded with a status of 406 () @ https://xdzdaaefayxqocpuwpnb.supabase.co/rest/v1/avaliacoes?select=*&cliente_id=eq.4&order=data_avaliacao.desc&limit=1:0
[  194168ms] [ERROR] Failed to load resource: the server responded with a status of 406 () @ https://xdzdaaefayxqocpuwpnb.supabase.co/rest/v1/avaliacoes?select=*&cliente_id=eq.2&order=data_avaliacao.desc&limit=1:0
[  288044ms] [ERROR] Failed to load resource: the server responded with a status of 406 () @ https://xdzdaaefayxqocpuwpnb.supabase.co/rest/v1/avaliacoes?select=*&cliente_id=eq.2&order=data_avaliacao.desc&limit=1:0
[  288053ms] [ERROR] Failed to load resource: the server responded with a status of 406 () @ https://xdzdaaefayxqocpuwpnb.supabase.co/rest/v1/avaliacoes?select=*&cliente_id=eq.4&order=data_avaliacao.desc&limit=1:0
